[debug] [2017-07-11T14:58:34.236Z] ----------------------------------------------------------------------
[debug] [2017-07-11T14:58:34.236Z] Command:      C:\Program Files\nodejs\node.exe C:\Users\kimse\AppData\Roaming\npm\node_modules\firebase-tools\bin\firebase serve
[debug] [2017-07-11T14:58:34.252Z] CLI Version:  3.9.1
[debug] [2017-07-11T14:58:34.252Z] Platform:     win32
[debug] [2017-07-11T14:58:34.252Z] Node Version: v6.10.3
[debug] [2017-07-11T14:58:34.252Z] Time:         Tue Jul 11 2017 09:58:34 GMT-0500 (Central Daylight Time)
[debug] [2017-07-11T14:58:34.252Z] ----------------------------------------------------------------------
[debug] 
[debug] [2017-07-11T14:58:34.283Z] > command requires scopes: ["email","openid","https://www.googleapis.com/auth/cloudplatformprojects.readonly","https://www.googleapis.com/auth/firebase","https://www.googleapis.com/auth/cloud-platform"]
[debug] [2017-07-11T14:58:34.283Z] > authorizing via signed-in user
[debug] [2017-07-11T14:58:34.299Z] >>> HTTP REQUEST GET https://admin.firebase.com/v1/projects/shipit-7427d  
 Tue Jul 11 2017 09:58:34 GMT-0500 (Central Daylight Time)
[debug] [2017-07-11T14:58:34.705Z] <<< HTTP RESPONSE 200
[debug] [2017-07-11T14:58:34.705Z] >>> HTTP REQUEST GET https://admin.firebase.com/v1/database/shipit-7427d/tokens  
 Tue Jul 11 2017 09:58:34 GMT-0500 (Central Daylight Time)
[debug] [2017-07-11T14:58:35.096Z] <<< HTTP RESPONSE 200
[info] 
[info] === Serving from 'C:\intern\shipit-frontend'...
[info] 
[debug] [2017-07-11T14:58:35.111Z] >>> HTTP REQUEST GET https://cloudresourcemanager.googleapis.com/v1/projects/shipit-7427d  
 Tue Jul 11 2017 09:58:35 GMT-0500 (Central Daylight Time)
[debug] [2017-07-11T14:58:35.408Z] <<< HTTP RESPONSE 200
[debug] [2017-07-11T14:58:35.408Z] >>> HTTP REQUEST GET https://mobilesdk-pa.googleapis.com/v1/projects/601650858338/clients/_:getWebAppConfig  
 Tue Jul 11 2017 09:58:35 GMT-0500 (Central Daylight Time)
[debug] [2017-07-11T14:58:35.721Z] <<< HTTP RESPONSE 200
[info] i  hosting: Serving hosting files from: public
[info] +  hosting: Local server: http://localhost:5000

